{"C:\\Users\\kbenl\\Desktop\\My classes_fall_2020\\CS130\\cs130_Project\\Munchy\\Back_End\\model\\User.js": {"path":"C:\\Users\\kbenl\\Desktop\\My classes_fall_2020\\CS130\\cs130_Project\\Munchy\\Back_End\\model\\User.js","statementMap":{"0":{"start":{"line":1,"column":17},"end":{"line":1,"column":36}},"1":{"start":{"line":3,"column":19},"end":{"line":27,"column":2}},"2":{"start":{"line":28,"column":0},"end":{"line":28,"column":49}}},"fnMap":{},"branchMap":{},"s":{"0":1,"1":1,"2":1},"f":{},"b":{},"_coverageSchema":"1a1c01bbd47fc00a2c39e90264f33305004495a9","hash":"030a935ab47d0ee355d5149d0868ba3115c3b4d9"}
}
